  Synthetic Data Generator.cpp
  test_AudioData.cpp
  test_ImageData.cpp
  test_TextData.cpp
  test_TimeSeriesData.cpp
  Generating Code...
Syntheti.d40d9406\x64\Debug\TabularData.obj : warning LNK4042: object specified more than once; extras ignored
test_AudioData.obj : error LNK2005: main already defined in Synthetic Data Generator.obj
test_ImageData.obj : error LNK2005: main already defined in Synthetic Data Generator.obj
test_TabularData.obj : error LNK2005: main already defined in Synthetic Data Generator.obj
test_TextData.obj : error LNK2005: main already defined in Synthetic Data Generator.obj
test_TimeSeriesData.obj : error LNK2005: main already defined in Synthetic Data Generator.obj
ImageData.obj : error LNK2019: unresolved external symbol "public: __cdecl cv::Exception::Exception(int,class std::basic_string<char,struct std::char_traits<char>,class std::allocator<char> > const &,class std::basic_string<char,struct std::char_traits<char>,class std::allocator<char> > const &,class std::basic_string<char,struct std::char_traits<char>,class std::allocator<char> > const &,int)" (??0Exception@cv@@QEAA@HAEBV?$basic_string@DU?$char_traits@D@std@@V?$allocator@D@2@@std@@00H@Z) referenced in function "public: unsigned char & __cdecl cv::Mat::at<unsigned char>(int,int)" (??$at@E@Mat@cv@@QEAAAEAEHH@Z)
ImageData.obj : error LNK2019: unresolved external symbol "public: virtual __cdecl cv::Exception::~Exception(void)" (??1Exception@cv@@UEAA@XZ) referenced in function "public: unsigned char & __cdecl cv::Mat::at<unsigned char>(int,int)" (??$at@E@Mat@cv@@QEAAAEAEHH@Z)
ImageData.obj : error LNK2019: unresolved external symbol "void __cdecl cv::error(class cv::Exception const &)" (?error@cv@@YAXAEBVException@1@@Z) referenced in function "public: unsigned char & __cdecl cv::Mat::at<unsigned char>(int,int)" (??$at@E@Mat@cv@@QEAAAEAEHH@Z)
ImageData.obj : error LNK2019: unresolved external symbol "void __cdecl cv::fastFree(void *)" (?fastFree@cv@@YAXPEAX@Z) referenced in function "public: __cdecl cv::Mat::~Mat(void)" (??1Mat@cv@@QEAA@XZ)
Synthetic Data Generator.obj : error LNK2001: unresolved external symbol "void __cdecl cv::fastFree(void *)" (?fastFree@cv@@YAXPEAX@Z)
test_ImageData.obj : error LNK2001: unresolved external symbol "void __cdecl cv::fastFree(void *)" (?fastFree@cv@@YAXPEAX@Z)
ImageData.obj : error LNK2019: unresolved external symbol "public: __cdecl cv::_InputArray::_InputArray(class cv::Mat const &)" (??0_InputArray@cv@@QEAA@AEBVMat@1@@Z) referenced in function "public: void __cdecl ImageData::exportToDirectory(class std::basic_string<char,struct std::char_traits<char>,class std::allocator<char> > const &)const " (?exportToDirectory@ImageData@@QEBAXAEBV?$basic_string@DU?$char_traits@D@std@@V?$allocator@D@2@@std@@@Z)
ImageData.obj : error LNK2001: unresolved external symbol "public: virtual class cv::Mat __cdecl cv::_InputArray::getMat(int)const " (?getMat@_InputArray@cv@@UEBA?AVMat@2@H@Z)
ImageData.obj : error LNK2001: unresolved external symbol "public: virtual void __cdecl cv::_InputArray::getMatVector(class std::vector<class cv::Mat,class std::allocator<class cv::Mat> > &)const " (?getMatVector@_InputArray@cv@@UEBAXAEAV?$vector@VMat@cv@@V?$allocator@VMat@cv@@@std@@@std@@@Z)
ImageData.obj : error LNK2001: unresolved external symbol "public: virtual class cv::GlBuffer __cdecl cv::_InputArray::getGlBuffer(void)const " (?getGlBuffer@_InputArray@cv@@UEBA?AVGlBuffer@2@XZ)
ImageData.obj : error LNK2001: unresolved external symbol "public: virtual class cv::GlTexture __cdecl cv::_InputArray::getGlTexture(void)const " (?getGlTexture@_InputArray@cv@@UEBA?AVGlTexture@2@XZ)
ImageData.obj : error LNK2001: unresolved external symbol "public: virtual class cv::gpu::GpuMat __cdecl cv::_InputArray::getGpuMat(void)const " (?getGpuMat@_InputArray@cv@@UEBA?AVGpuMat@gpu@2@XZ)
ImageData.obj : error LNK2001: unresolved external symbol "public: virtual int __cdecl cv::_InputArray::kind(void)const " (?kind@_InputArray@cv@@UEBAHXZ)
ImageData.obj : error LNK2001: unresolved external symbol "public: virtual class cv::Size_<int> __cdecl cv::_InputArray::size(int)const " (?size@_InputArray@cv@@UEBA?AV?$Size_@H@2@H@Z)
ImageData.obj : error LNK2001: unresolved external symbol "public: virtual unsigned __int64 __cdecl cv::_InputArray::total(int)const " (?total@_InputArray@cv@@UEBA_KH@Z)
ImageData.obj : error LNK2001: unresolved external symbol "public: virtual int __cdecl cv::_InputArray::type(int)const " (?type@_InputArray@cv@@UEBAHH@Z)
ImageData.obj : error LNK2001: unresolved external symbol "public: virtual int __cdecl cv::_InputArray::depth(int)const " (?depth@_InputArray@cv@@UEBAHH@Z)
ImageData.obj : error LNK2001: unresolved external symbol "public: virtual int __cdecl cv::_InputArray::channels(int)const " (?channels@_InputArray@cv@@UEBAHH@Z)
ImageData.obj : error LNK2001: unresolved external symbol "public: virtual bool __cdecl cv::_InputArray::empty(void)const " (?empty@_InputArray@cv@@UEBA_NXZ)
ImageData.obj : error LNK2019: unresolved external symbol "public: __cdecl cv::_OutputArray::_OutputArray(class cv::Mat &)" (??0_OutputArray@cv@@QEAA@AEAVMat@1@@Z) referenced in function "private: class cv::Mat __cdecl ImageData::generateRandomNoise(void)" (?generateRandomNoise@ImageData@@AEAA?AVMat@cv@@XZ)
ImageData.obj : error LNK2019: unresolved external symbol "public: class cv::Mat & __cdecl cv::Mat::operator=(class cv::Scalar_<double> const &)" (??4Mat@cv@@QEAAAEAV01@AEBV?$Scalar_@N@1@@Z) referenced in function "private: class cv::Mat __cdecl ImageData::generateGeometricShapes(void)" (?generateGeometricShapes@ImageData@@AEAA?AVMat@cv@@XZ)
ImageData.obj : error LNK2019: unresolved external symbol "public: static class cv::MatExpr __cdecl cv::Mat::zeros(int,int,int)" (?zeros@Mat@cv@@SA?AVMatExpr@2@HHH@Z) referenced in function "private: class cv::Mat __cdecl ImageData::generateGeometricShapes(void)" (?generateGeometricShapes@ImageData@@AEAA?AVMat@cv@@XZ)
ImageData.obj : error LNK2019: unresolved external symbol "public: void __cdecl cv::Mat::create(int,int const *,int)" (?create@Mat@cv@@QEAAXHPEBHH@Z) referenced in function "public: void __cdecl cv::Mat::create(int,int,int)" (?create@Mat@cv@@QEAAXHHH@Z)
ImageData.obj : error LNK2019: unresolved external symbol "public: void __cdecl cv::Mat::deallocate(void)" (?deallocate@Mat@cv@@QEAAXXZ) referenced in function "public: void __cdecl cv::Mat::release(void)" (?release@Mat@cv@@QEAAXXZ)
Synthetic Data Generator.obj : error LNK2001: unresolved external symbol "public: void __cdecl cv::Mat::deallocate(void)" (?deallocate@Mat@cv@@QEAAXXZ)
test_ImageData.obj : error LNK2001: unresolved external symbol "public: void __cdecl cv::Mat::deallocate(void)" (?deallocate@Mat@cv@@QEAAXXZ)
ImageData.obj : error LNK2019: unresolved external symbol "public: void __cdecl cv::Mat::copySize(class cv::Mat const &)" (?copySize@Mat@cv@@QEAAXAEBV12@@Z) referenced in function "public: __cdecl cv::Mat::Mat(class cv::Mat const &)" (??0Mat@cv@@QEAA@AEBV01@@Z)
ImageData.obj : error LNK2019: unresolved external symbol "void __cdecl cv::randu(class cv::_OutputArray const &,class cv::_InputArray const &,class cv::_InputArray const &)" (?randu@cv@@YAXAEBV_OutputArray@1@AEBV_InputArray@1@1@Z) referenced in function "private: class cv::Mat __cdecl ImageData::generateRandomNoise(void)" (?generateRandomNoise@ImageData@@AEAA?AVMat@cv@@XZ)
ImageData.obj : error LNK2019: unresolved external symbol "void __cdecl cv::line(class cv::Mat &,class cv::Point_<int>,class cv::Point_<int>,class cv::Scalar_<double> const &,int,int,int)" (?line@cv@@YAXAEAVMat@1@V?$Point_@H@1@1AEBV?$Scalar_@N@1@HHH@Z) referenced in function "private: class cv::Mat __cdecl ImageData::generateGeometricShapes(void)" (?generateGeometricShapes@ImageData@@AEAA?AVMat@cv@@XZ)
ImageData.obj : error LNK2019: unresolved external symbol "void __cdecl cv::rectangle(class cv::Mat &,class cv::Point_<int>,class cv::Point_<int>,class cv::Scalar_<double> const &,int,int,int)" (?rectangle@cv@@YAXAEAVMat@1@V?$Point_@H@1@1AEBV?$Scalar_@N@1@HHH@Z) referenced in function "private: class cv::Mat __cdecl ImageData::generateGeometricShapes(void)" (?generateGeometricShapes@ImageData@@AEAA?AVMat@cv@@XZ)
ImageData.obj : error LNK2019: unresolved external symbol "void __cdecl cv::circle(class cv::Mat &,class cv::Point_<int>,int,class cv::Scalar_<double> const &,int,int,int)" (?circle@cv@@YAXAEAVMat@1@V?$Point_@H@1@HAEBV?$Scalar_@N@1@HHH@Z) referenced in function "private: class cv::Mat __cdecl ImageData::generateGeometricShapes(void)" (?generateGeometricShapes@ImageData@@AEAA?AVMat@cv@@XZ)
ImageData.obj : error LNK2019: unresolved external symbol "int __cdecl cv::_interlockedExchangeAdd(int *,int)" (?_interlockedExchangeAdd@cv@@YAHPEAHH@Z) referenced in function "public: __cdecl cv::Mat::Mat(class cv::Mat const &)" (??0Mat@cv@@QEAA@AEBV01@@Z)
Synthetic Data Generator.obj : error LNK2001: unresolved external symbol "int __cdecl cv::_interlockedExchangeAdd(int *,int)" (?_interlockedExchangeAdd@cv@@YAHPEAHH@Z)
test_ImageData.obj : error LNK2001: unresolved external symbol "int __cdecl cv::_interlockedExchangeAdd(int *,int)" (?_interlockedExchangeAdd@cv@@YAHPEAHH@Z)
ImageData.obj : error LNK2019: unresolved external symbol "bool __cdecl cv::imwrite(class std::basic_string<char,struct std::char_traits<char>,class std::allocator<char> > const &,class cv::_InputArray const &,class std::vector<int,class std::allocator<int> > const &)" (?imwrite@cv@@YA_NAEBV?$basic_string@DU?$char_traits@D@std@@V?$allocator@D@2@@std@@AEBV_InputArray@1@AEBV?$vector@HV?$allocator@H@std@@@3@@Z) referenced in function "public: void __cdecl ImageData::exportToDirectory(class std::basic_string<char,struct std::char_traits<char>,class std::allocator<char> > const &)const " (?exportToDirectory@ImageData@@QEBAXAEBV?$basic_string@DU?$char_traits@D@std@@V?$allocator@D@2@@std@@@Z)
Synthetic Data Generator.obj : error LNK2019: unresolved external symbol "public: __cdecl TabularData::TabularData(int,int)" (??0TabularData@@QEAA@HH@Z) referenced in function main
test_TabularData.obj : error LNK2001: unresolved external symbol "public: __cdecl TabularData::TabularData(int,int)" (??0TabularData@@QEAA@HH@Z)
Synthetic Data Generator.obj : error LNK2019: unresolved external symbol "public: void __cdecl TabularData::generate(void)" (?generate@TabularData@@QEAAXXZ) referenced in function main
test_TabularData.obj : error LNK2001: unresolved external symbol "public: void __cdecl TabularData::generate(void)" (?generate@TabularData@@QEAAXXZ)
Synthetic Data Generator.obj : error LNK2019: unresolved external symbol "public: void __cdecl TabularData::exportToCSV(class std::basic_string<char,struct std::char_traits<char>,class std::allocator<char> > const &)const " (?exportToCSV@TabularData@@QEBAXAEBV?$basic_string@DU?$char_traits@D@std@@V?$allocator@D@2@@std@@@Z) referenced in function main
test_TabularData.obj : error LNK2001: unresolved external symbol "public: void __cdecl TabularData::exportToCSV(class std::basic_string<char,struct std::char_traits<char>,class std::allocator<char> > const &)const " (?exportToCSV@TabularData@@QEBAXAEBV?$basic_string@DU?$char_traits@D@std@@V?$allocator@D@2@@std@@@Z)
test_TabularData.obj : error LNK2019: unresolved external symbol "public: __cdecl TabularData::TabularData(int,class std::vector<struct ColumnDefinition,class std::allocator<struct ColumnDefinition> > const &)" (??0TabularData@@QEAA@HAEBV?$vector@UColumnDefinition@@V?$allocator@UColumnDefinition@@@std@@@std@@@Z) referenced in function "void __cdecl testTabularDataGeneration(void)" (?testTabularDataGeneration@@YAXXZ)
test_TabularData.obj : error LNK2019: unresolved external symbol "public: void __cdecl TabularData::exportToJSON(class std::basic_string<char,struct std::char_traits<char>,class std::allocator<char> > const &)const " (?exportToJSON@TabularData@@QEBAXAEBV?$basic_string@DU?$char_traits@D@std@@V?$allocator@D@2@@std@@@Z) referenced in function "void __cdecl testTabularDataGeneration(void)" (?testTabularDataGeneration@@YAXXZ)
test_TabularData.obj : error LNK2019: unresolved external symbol "public: class std::vector<class std::vector<class std::basic_string<char,struct std::char_traits<char>,class std::allocator<char> >,class std::allocator<class std::basic_string<char,struct std::char_traits<char>,class std::allocator<char> > > >,class std::allocator<class std::vector<class std::basic_string<char,struct std::char_traits<char>,class std::allocator<char> >,class std::allocator<class std::basic_string<char,struct std::char_traits<char>,class std::allocator<char> > > > > > __cdecl TabularData::getData(void)const " (?getData@TabularData@@QEBA?AV?$vector@V?$vector@V?$basic_string@DU?$char_traits@D@std@@V?$allocator@D@2@@std@@V?$allocator@V?$basic_string@DU?$char_traits@D@std@@V?$allocator@D@2@@std@@@2@@std@@V?$allocator@V?$vector@V?$basic_string@DU?$char_traits@D@std@@V?$allocator@D@2@@std@@V?$allocator@V?$basic_string@DU?$char_traits@D@std@@V?$allocator@D@2@@std@@@2@@std@@@2@@std@@XZ) referenced in function "void __cdecl testTabularDataGeneration(void)" (?testTabularDataGeneration@@YAXXZ)
D:\projects\synthetic data generation\Synthetic Data Generator\x64\Debug\Synthetic Data Generator.exe : fatal error LNK1120: 35 unresolved externals
